Log file open, 01/26/18 20:15:46
LogWindows: Failed to load 'aqProf.dll' (GetLastError=126)
LogWindows: File 'aqProf.dll' does not exist
LogWindows: Failed to load 'VSPerf140.dll' (GetLastError=126)
LogWindows: File 'VSPerf140.dll' does not exist
LogWindows: Failed to load 'VtuneApi.dll' (GetLastError=126)
LogWindows: File 'VtuneApi.dll' does not exist
LogWindows: Failed to load 'VtuneApi32e.dll' (GetLastError=126)
LogWindows: File 'VtuneApi32e.dll' does not exist
LogInit: Display: Running engine for game: Transmission
LogPlatformFile: Not using cached read wrapper
LogInit: Display: RandInit(-515720219) SRandInit(-515720218).
LogTaskGraph: Started task graph with 5 named threads and 14 total threads with 3 sets of task threads.
LogStats: Stats thread started at 0.203021
LogD3D11RHI: Aftermath initialized
LogPluginManager: Mounting plugin Paper2D
LogPluginManager: Mounting plugin LightPropagationVolume
LogPluginManager: Mounting plugin CodeLiteSourceCodeAccess
LogPluginManager: Mounting plugin GitSourceControl
LogPluginManager: Mounting plugin KDevelopSourceCodeAccess
LogPluginManager: Mounting plugin NullSourceCodeAccess
LogPluginManager: Mounting plugin PerforceSourceControl
LogPluginManager: Mounting plugin SubversionSourceControl
LogPluginManager: Mounting plugin UObjectPlugin
LogPluginManager: Mounting plugin VisualStudioSourceCodeAccess
LogPluginManager: Mounting plugin XCodeSourceCodeAccess
LogPluginManager: Mounting plugin AssetManagerEditor
LogPluginManager: Mounting plugin AudioCapture
LogPluginManager: Mounting plugin FacialAnimation
LogPluginManager: Mounting plugin GameplayTagsEditor
LogPluginManager: Mounting plugin MobileLauncherProfileWizard
LogPluginManager: Mounting plugin PluginBrowser
LogPluginManager: Mounting plugin SpeedTreeImporter
LogPluginManager: Mounting plugin AlembicImporter
LogPluginManager: Mounting plugin CharacterAI
LogPluginManager: Mounting plugin HTML5Networking
LogPluginManager: Mounting plugin AndroidMedia
LogPluginManager: Mounting plugin AvfMedia
LogPluginManager: Mounting plugin MediaPlayerEditor
LogPluginManager: Mounting plugin WmfMedia
LogPluginManager: Mounting plugin TcpMessaging
LogPluginManager: Mounting plugin UdpMessaging
LogPluginManager: Mounting plugin LevelSequenceEditor
LogPluginManager: Mounting plugin MatineeToLevelSequence
LogPluginManager: Mounting plugin OnlineSubsystemGooglePlay
LogPluginManager: Mounting plugin OnlineSubsystemIOS
LogPluginManager: Mounting plugin OnlineSubsystem
LogPluginManager: Mounting plugin OnlineSubsystemNull
LogPluginManager: Mounting plugin OnlineSubsystemUtils
LogPluginManager: Mounting plugin AndroidDeviceProfileSelector
LogPluginManager: Mounting plugin AndroidMoviePlayer
LogPluginManager: Mounting plugin AndroidPermission
LogPluginManager: Mounting plugin AppleMoviePlayer
LogPluginManager: Mounting plugin ArchVisCharacter
LogPluginManager: Mounting plugin CableComponent
LogPluginManager: Mounting plugin CustomMeshComponent
LogPluginManager: Mounting plugin ExampleDeviceProfileSelector
LogPluginManager: Mounting plugin GoogleCloudMessaging
LogPluginManager: Mounting plugin ImmediatePhysics
LogPluginManager: Mounting plugin IOSDeviceProfileSelector
LogPluginManager: Mounting plugin LinuxDeviceProfileSelector
LogPluginManager: Mounting plugin LocationServicesBPLibrary
LogPluginManager: Mounting plugin MobilePatchingUtils
LogPluginManager: Mounting plugin OculusVR
LogPluginManager: Mounting plugin PhysXVehicles
LogPluginManager: Mounting plugin ProceduralMeshComponent
LogPluginManager: Mounting plugin RuntimePhysXCooking
LogPluginManager: Mounting plugin SteamVR
LogPluginManager: Mounting plugin WindowsMoviePlayer
LogInit: Using libcurl 7.47.1
LogInit:  - built for x86_64-pc-win32
LogInit:  - supports SSL with OpenSSL/1.0.2g
LogInit:  - supports HTTP deflate (compression) using libz 1.2.8
LogInit:  - other features:
LogInit:      CURL_VERSION_SSL
LogInit:      CURL_VERSION_LIBZ
LogInit:      CURL_VERSION_IPV6
LogInit:      CURL_VERSION_ASYNCHDNS
LogInit:      CURL_VERSION_LARGEFILE
LogInit:      CURL_VERSION_IDN
LogInit:  CurlRequestOptions (configurable via config and command line):
LogInit:  - bVerifyPeer = false  - Libcurl will NOT verify peer certificate
LogInit:  - bUseHttpProxy = false  - Libcurl will NOT use HTTP proxy
LogInit:  - bDontReuseConnections = false  - Libcurl will reuse connections
LogInit:  - CertBundlePath = nullptr  - Libcurl will use whatever was configured at build time.
LogInit: Build: ++UE4+Release-4.17-CL-3658906
LogInit: Engine Version: 4.17.2-3658906+++UE4+Release-4.17
LogInit: Compatible Engine Version: 4.17.0-3573198+++UE4+Release-4.17
LogInit: Net CL: 3573198
LogDevObjectVersion: Number of dev versions registered: 16
LogDevObjectVersion:   Dev-Blueprints (B0D832E4-1F89-4F0D-ACCF-7EB736FD4AA2): 10
LogDevObjectVersion:   Dev-Build (E1C64328-A22C-4D53-A36C-8E866417BD8C): 0
LogDevObjectVersion:   Dev-Core (375EC13C-06E4-48FB-B500-84F0262A717E): 2
LogDevObjectVersion:   Dev-Editor (E4B068ED-F494-42E9-A231-DA0B2E46BB41): 20
LogDevObjectVersion:   Dev-Framework (CFFC743F-43B0-4480-9391-14DF171D2073): 28
LogDevObjectVersion:   Dev-Mobile (B02B49B5-BB20-44E9-A304-32B752E40360): 0
LogDevObjectVersion:   Dev-Networking (A4E4105C-59A1-49B5-A7C5-40C4547EDFEE): 0
LogDevObjectVersion:   Dev-Online (39C831C9-5AE6-47DC-9A44-9C173E1C8E7C): 0
LogDevObjectVersion:   Dev-Physics (78F01B33-EBEA-4F98-B9B4-84EACCB95AA2): 0
LogDevObjectVersion:   Dev-Platform (6631380F-2D4D-43E0-8009-CF276956A95A): 0
LogDevObjectVersion:   Dev-Rendering (12F88B9F-8875-4AFC-A67C-D90C383ABD29): 19
LogDevObjectVersion:   Dev-Sequencer (7B5AE74C-D270-4C10-A958-57980B212A5A): 4
LogDevObjectVersion:   Dev-VR (D7296918-1DD6-4BDD-9DE2-64A83CC13884): 0
LogDevObjectVersion:   Dev-LoadTimes (C2A15278-BFE7-4AFE-6C17-90FF531DF755): 1
LogDevObjectVersion:   Private-Geometry (6EACA3D4-40EC-4CC1-B786-8BED09428FC5): 1
LogDevObjectVersion:   Dev-AnimPhys (29E575DD-E0A3-4627-9D10-D276232CDCEA): 7
LogInit: Compiled (64-bit): Sep 22 2017 13:47:16
LogInit: Compiled with Visual C++: 19.00.24215.01
LogInit: Build Configuration: Development
LogInit: Branch Name: ++UE4+Release-4.17
LogInit: Command line: -EpicPortal 
LogInit: Base directory: C:/Program Files/Epic Games/UE_4.17/Engine/Binaries/Win64/
LogInit: Installed Engine Build: 1
LogInit: Presizing for max 8388607 objects, including 0 objects not considered by GC, pre-allocating 0 bytes for permanent pool.
LogInit: Object subsystem initialized
[2018.01.26-20.15.47:722][  0]LogInit: Selected Device Profile: [Windows]
[2018.01.26-20.15.47:722][  0]LogInit: Applying CVar settings loaded from the selected device profile: [Windows]
[2018.01.26-20.15.47:770][  0]LogInit: Computer: 052TGADS-60475
[2018.01.26-20.15.47:770][  0]LogInit: User: ot180884
[2018.01.26-20.15.47:770][  0]LogInit: CPU Page size=4096, Cores=4
[2018.01.26-20.15.47:770][  0]LogInit: High frequency timer resolution =2.929688 MHz
[2018.01.26-20.15.47:770][  0]LogMemory: Memory total: Physical=7.9GB (8GB approx)
[2018.01.26-20.15.47:770][  0]LogMemory: Platform Memory Stats for Windows
[2018.01.26-20.15.47:770][  0]LogMemory: Process Physical Memory: 277.93 MB used, 277.93 MB peak
[2018.01.26-20.15.47:770][  0]LogMemory: Process Virtual Memory: 274.01 MB used, 274.01 MB peak
[2018.01.26-20.15.47:770][  0]LogMemory: Physical Memory: 5182.80 MB used,  2909.17 MB free, 8091.97 MB total
[2018.01.26-20.15.47:770][  0]LogMemory: Virtual Memory: 667.91 MB used,  2909.17 MB free, 134217728.00 MB total
[2018.01.26-20.15.48:447][  0]LogInit: Using OS detected language (en-US).
[2018.01.26-20.15.48:447][  0]LogInit: Using OS detected locale (en-GB).
[2018.01.26-20.15.48:507][  0]LogTextLocalizationManager: No specific localization for 'en-US' exists, so the 'en' localization will be used.
[2018.01.26-20.15.51:610][  0]LogD3D11RHI: D3D11 adapters:
[2018.01.26-20.15.51:662][  0]LogD3D11RHI:    0. 'NVIDIA GeForce GTX 1050 Ti' (Feature Level 11_0)
[2018.01.26-20.15.51:662][  0]LogD3D11RHI:       4048/0/4045 MB DedicatedVideo/DedicatedSystem/SharedSystem, Outputs:2, VendorId:0x10de
[2018.01.26-20.15.51:670][  0]LogD3D11RHI:    1. 'Intel(R) HD Graphics 630' (Feature Level 11_0)
[2018.01.26-20.15.51:670][  0]LogD3D11RHI:       128/0/4045 MB DedicatedVideo/DedicatedSystem/SharedSystem, Outputs:0, VendorId:0x8086
[2018.01.26-20.15.51:672][  0]LogD3D11RHI:    2. 'Microsoft Basic Render Driver' (Feature Level 11_0)
[2018.01.26-20.15.51:672][  0]LogD3D11RHI:       0/0/4045 MB DedicatedVideo/DedicatedSystem/SharedSystem, Outputs:0, VendorId:0x1414
[2018.01.26-20.15.51:672][  0]LogD3D11RHI: Chosen D3D11 Adapter: 0
[2018.01.26-20.15.51:680][  0]LogD3D11RHI: Creating new Direct3DDevice
[2018.01.26-20.15.51:680][  0]LogD3D11RHI:     GPU DeviceId: 0x1c82 (for the marketing name, search the web for "GPU Device Id")
[2018.01.26-20.15.51:680][  0]LogWindows: EnumDisplayDevices:
[2018.01.26-20.15.51:680][  0]LogWindows:    0. 'NVIDIA GeForce GTX 1050 Ti' (P:1 D:1)
[2018.01.26-20.15.51:680][  0]LogWindows:    1. 'NVIDIA GeForce GTX 1050 Ti' (P:0 D:1)
[2018.01.26-20.15.51:680][  0]LogWindows:    2. 'NVIDIA GeForce GTX 1050 Ti' (P:0 D:0)
[2018.01.26-20.15.51:681][  0]LogWindows:    3. 'NVIDIA GeForce GTX 1050 Ti' (P:0 D:0)
[2018.01.26-20.15.51:681][  0]LogWindows:    4. 'Intel(R) HD Graphics 630' (P:0 D:0)
[2018.01.26-20.15.51:681][  0]LogWindows:    5. 'Intel(R) HD Graphics 630' (P:0 D:0)
[2018.01.26-20.15.51:681][  0]LogWindows:    6. 'Intel(R) HD Graphics 630' (P:0 D:0)
[2018.01.26-20.15.51:681][  0]LogWindows: DebugString: PrimaryIsNotTheChoosenAdapter PrimaryIsNotTheChoosenAdapter PrimaryIsNotTheChoosenAdapter FoundDriverCount:4 
[2018.01.26-20.15.51:681][  0]LogD3D11RHI:     Adapter Name: NVIDIA GeForce GTX 1050 Ti
[2018.01.26-20.15.51:681][  0]LogD3D11RHI:   Driver Version: 382.66 (internal:22.21.13.8266, unified:382.66)
[2018.01.26-20.15.51:681][  0]LogD3D11RHI:      Driver Date: 6-25-2017
[2018.01.26-20.15.51:681][  0]LogRHI: Texture pool is 1361 MB (70% of 1945 MB)
[2018.01.26-20.15.51:714][  0]LogD3D11RHI: Async texture creation enabled
[2018.01.26-20.15.51:726][  0]LogD3D11RHI: GPU Timing Frequency: 1000.000000 (Debug: 2 1)
[2018.01.26-20.15.51:729][  0]LogShaderCompilers: Guid format shader working directory is 21 characters bigger than the processId version (D:/GGJ/GGJ_2018/Transmission/Intermediate/Shaders/WorkingDirectory/7144/).
[2018.01.26-20.15.51:729][  0]LogShaderCompilers: Cleaned the shader compiler working directory 'C:/Users/ot180884/AppData/Local/Temp/UnrealShaderWorkingDir/AF7291EB44939CC8449E4A8C94244E80/'.
[2018.01.26-20.15.51:729][  0]LogShaderCompilers: Display: Using Local Shader Compiler.
[2018.01.26-20.15.54:013][  0]LogTemp: Display: Loaded TP AllDesktopTargetPlatform
[2018.01.26-20.15.54:179][  0]LogTemp: Display: Loaded TP MacClientTargetPlatform
[2018.01.26-20.15.54:345][  0]LogTemp: Display: Loaded TP MacNoEditorTargetPlatform
[2018.01.26-20.15.54:510][  0]LogTemp: Display: Loaded TP MacServerTargetPlatform
[2018.01.26-20.15.54:685][  0]LogTemp: Display: Loaded TP MacTargetPlatform
[2018.01.26-20.15.54:853][  0]LogTemp: Display: Loaded TP WindowsClientTargetPlatform
[2018.01.26-20.15.55:024][  0]LogTemp: Display: Loaded TP WindowsNoEditorTargetPlatform
[2018.01.26-20.15.55:196][  0]LogTemp: Display: Loaded TP WindowsServerTargetPlatform
[2018.01.26-20.15.55:358][  0]LogTemp: Display: Loaded TP WindowsTargetPlatform
[2018.01.26-20.15.55:535][  0]LogTemp: Display: Loaded TP AndroidTargetPlatform
[2018.01.26-20.15.55:706][  0]LogTemp: Display: Loaded TP Android_ASTCTargetPlatform
[2018.01.26-20.15.55:869][  0]LogTemp: Display: Loaded TP Android_ATCTargetPlatform
[2018.01.26-20.15.56:034][  0]LogTemp: Display: Loaded TP Android_DXTTargetPlatform
[2018.01.26-20.15.56:198][  0]LogTemp: Display: Loaded TP Android_ETC1TargetPlatform
[2018.01.26-20.15.56:365][  0]LogTemp: Display: Loaded TP Android_ETC2TargetPlatform
[2018.01.26-20.15.56:718][  0]LogTemp: Display: Loaded TP Android_MultiTargetPlatform
[2018.01.26-20.15.56:718][  0]LogTemp: Display: Loaded TP Android_PVRTCTargetPlatform
[2018.01.26-20.15.56:872][  0]LogTemp: Display: Loaded TP HTML5TargetPlatform
[2018.01.26-20.15.57:179][  0]LogTemp: Display: Loaded TP IOSTargetPlatform
[2018.01.26-20.15.57:295][  0]LogTemp: Display: Loaded TP TVOSTargetPlatform
[2018.01.26-20.15.57:460][  0]LogTemp: Display: Loaded TP LinuxClientTargetPlatform
[2018.01.26-20.15.57:655][  0]LogTemp: Display: Loaded TP LinuxNoEditorTargetPlatform
[2018.01.26-20.15.57:820][  0]LogTemp: Display: Loaded TP LinuxServerTargetPlatform
[2018.01.26-20.15.57:999][  0]LogTemp: Display: Loaded TP LinuxTargetPlatform
[2018.01.26-20.15.57:999][  0]LogTargetPlatformManager: Display: Building Assets For Windows
[2018.01.26-20.15.59:990][  0]LogDerivedDataCache: Display: Max Cache Size: 512 MB
[2018.01.26-20.16.00:315][  0]LogDerivedDataCache: Loaded boot cache 0.33s 93MB C:/Users/ot180884/AppData/Local/UnrealEngine/4.17/DerivedDataCache/Boot.ddc.
[2018.01.26-20.16.00:315][  0]LogDerivedDataCache: Display: Loaded Boot cache: C:/Users/ot180884/AppData/Local/UnrealEngine/4.17/DerivedDataCache/Boot.ddc
[2018.01.26-20.16.00:315][  0]LogDerivedDataCache: FDerivedDataBackendGraph:  Pak pak cache file D:/GGJ/GGJ_2018/Transmission/DerivedDataCache/DDC.ddp not found, will not use a pak cache.
[2018.01.26-20.16.00:315][  0]LogDerivedDataCache: Unable to find inner node Pak for hierarchical cache Hierarchy.
[2018.01.26-20.16.00:315][  0]LogDerivedDataCache: FDerivedDataBackendGraph:  CompressedPak pak cache file D:/GGJ/GGJ_2018/Transmission/DerivedDataCache/Compressed.ddp not found, will not use a pak cache.
[2018.01.26-20.16.00:315][  0]LogDerivedDataCache: Unable to find inner node CompressedPak for hierarchical cache Hierarchy.
[2018.01.26-20.16.00:332][  0]LogDerivedDataCache: Display: Pak cache opened for reading ../../../Engine/DerivedDataCache/Compressed.ddp.
[2018.01.26-20.16.00:344][  0]LogDerivedDataCache: Using Local data cache path C:/Users/ot180884/AppData/Local/UnrealEngine/Common/DerivedDataCache: Writable
[2018.01.26-20.16.00:356][  0]LogMaterial: Verifying Global Shaders for PCD3D_SM5
[2018.01.26-20.16.00:356][  0]LogSlate: Using Freetype 2.6.0
[2018.01.26-20.16.00:373][  0]LogSlate: SlateFontCache - WITH_FREETYPE: 1, WITH_HARFBUZZ: 1
[2018.01.26-20.16.00:373][  0]LogSlate: SlateFontCache - WITH_FREETYPE: 1, WITH_HARFBUZZ: 1
[2018.01.26-20.16.00:883][  0]LogAssetRegistry: FAssetRegistry took 0.0282 seconds to start up
[2018.01.26-20.16.01:109][  0]LogInit: Selected Device Profile: [Windows]
[2018.01.26-20.16.01:284][  0]LogContentStreaming: Texture pool size is 0.00 MB
[2018.01.26-20.16.02:262][  0]LogSimplygon: Simplygon DLL not present - disabling.
[2018.01.26-20.16.02:420][  0]LogMeshReduction: Using SimplygonSwarm for distributed automatic mesh merging
[2018.01.26-20.16.02:420][  0]LogMeshReduction: Using QuadricMeshReduction for automatic static mesh reduction
[2018.01.26-20.16.02:420][  0]LogMeshReduction: No automatic skeletal mesh reduction module available
[2018.01.26-20.16.02:420][  0]LogMeshReduction: No automatic mesh merging module available
[2018.01.26-20.16.02:420][  0]LogMeshMerging: No automatic mesh merging module available
[2018.01.26-20.16.02:958][  0]LogNetVersion: Transmission , NetCL: 3573198, EngineNetVer: 2, GameNetVer: 0 (Checksum: 1645461826)
[2018.01.26-20.16.03:406][  0]LogPackageLocalizationCache: Processed 5 localized package path(s) for 2 prioritized culture(s) in 0.052061 seconds
[2018.01.26-20.16.03:413][  0]LogUObjectArray: 35825 objects as part of root set at end of initial load.
[2018.01.26-20.16.03:413][  0]LogUObjectAllocator: 7529112 out of 0 bytes used by permanent object pool.
[2018.01.26-20.16.03:413][  0]LogUObjectArray: CloseDisregardForGC: 0/0 objects in disregard for GC pool
[2018.01.26-20.16.03:749][  0]LogInit: WinSock: version 1.1 (2.2), MaxSocks=32767, MaxUdp=65467
[2018.01.26-20.16.13:351][  0]LogTcpMessaging: Initializing TcpMessaging bridge
[2018.01.26-20.16.13:485][  0]LogUdpMessaging: Initializing bridge on interface 0.0.0.0:0 to multicast group 230.0.0.1:6666.
[2018.01.26-20.16.15:581][  0]LogMaterial: Uniform references updated for custom material expression Custom.
[2018.01.26-20.16.16:937][  0]SourceControl: Source control is disabled
[2018.01.26-20.16.20:571][  0]LogAndroidPermission: UAndroidPermissionCallbackProxy::GetInstance
[2018.01.26-20.16.21:556][  0]LogOcInput: OculusInput pre-init called
[2018.01.26-20.16.22:414][  0]LogEngine: Initializing Engine...
[2018.01.26-20.16.22:416][  0]LogHMD: Failed to initialize OpenVR with code 110
[2018.01.26-20.16.23:074][  0]LogStats: UGameplayTagsManager::ConstructGameplayTagTree: Construct from data asset -  0.000 s
[2018.01.26-20.16.23:074][  0]LogStats: UGameplayTagsManager::ConstructGameplayTagTree: GameplayTagTreeChangedEvent.Broadcast -  0.000 s
[2018.01.26-20.16.23:582][  0]LogAIModule: Creating AISystem for world Untitled
[2018.01.26-20.16.23:593][  0]LogInit: XAudio2 using 'Speakers / Headphones (Realtek Audio)' : 2 channels at 48 kHz using 32 bits per sample (channel mask 0x3)
[2018.01.26-20.16.23:668][  0]LogInit: FAudioDevice initialized.
[2018.01.26-20.16.24:450][  0]LogDerivedDataCache: Saved boot cache 0.78s 93MB C:/Users/ot180884/AppData/Local/UnrealEngine/4.17/DerivedDataCache/Boot.ddc.
[2018.01.26-20.16.24:460][  0]LogInit: Texture streaming: Enabled
[2018.01.26-20.16.25:000][  0]LogEngineSessionManager: EngineSessionManager initialized
[2018.01.26-20.16.25:836][  0]LogInit: Transaction tracking system initialized
[2018.01.26-20.16.27:111][  0]BlueprintLog: New page: Editor Load
[2018.01.26-20.16.30:728][  0]LocalizationService: Localization service is disabled
[2018.01.26-20.16.33:599][  0]LogConsoleResponse: Display: 
[2018.01.26-20.16.34:035][  0]LogCook: Display: Max memory allowance for cook 16384mb min free memory 0mb
[2018.01.26-20.16.34:035][  0]LogCook: Display: Mobile HDR setting 1
[2018.01.26-20.16.34:035][  0]LogGameplayTags: Display: UGameplayTagsManager::DoneAddingNativeTags. DelegateIsBound: 0
[2018.01.26-20.16.35:075][  0]LogFileCache: Scanning file cache for directory 'D:/GGJ/GGJ_2018/Transmission/Content/' took 0.02s
[2018.01.26-20.16.38:102][  0]Cmd: MAP LOAD FILE="D:/GGJ/GGJ_2018/Transmission/Content/ThirdPersonBP/Maps/ThirdPersonExampleMap.umap" TEMPLATE=0 SHOWPROGRESS=1 FEATURELEVEL=3
[2018.01.26-20.16.38:109][  0]LightingResults: New page: Lighting Build
[2018.01.26-20.16.38:271][  0]MapCheck: New page: Map Check
[2018.01.26-20.16.38:271][  0]LightingResults: New page: Lighting Build
[2018.01.26-20.16.38:715][  0]LogAIModule: Creating AISystem for world ThirdPersonExampleMap
[2018.01.26-20.16.38:735][  0]LogEditorServer: Finished looking for orphan Actors (0.000 secs)
[2018.01.26-20.16.38:760][  0]Cmd: MAP CHECKDEP NOCLEARLOG
[2018.01.26-20.16.38:835][  0]MapCheck: Map check complete: 0 Error(s), 0 Warning(s), took 75.122ms to complete.
[2018.01.26-20.16.38:835][  0]LogFileHelpers: Loading map 'ThirdPersonExampleMap' took 0.734
[2018.01.26-20.16.39:152][  0]LogCollectionManager: Loaded 0 collections in 0.001745 seconds
[2018.01.26-20.16.39:360][  0]LogFileCache: Scanning file cache for directory 'D:/GGJ/GGJ_2018/Transmission/Saved/Collections/' took 0.01s
[2018.01.26-20.16.39:360][  0]LogFileCache: Scanning file cache for directory 'D:/GGJ/GGJ_2018/Transmission/Content/Developers/ot180884/Collections/' took 0.01s
[2018.01.26-20.16.39:360][  0]LogFileCache: Scanning file cache for directory 'D:/GGJ/GGJ_2018/Transmission/Content/Collections/' took 0.01s
[2018.01.26-20.16.39:360][  0]LogCollectionManager: Rebuilt the GUID cache for 0 collections in 0.000001 seconds
[2018.01.26-20.16.39:371][  0]LogContentBrowser: Native class hierarchy populated in 0.0107 seconds. Added 2386 classes and 500 folders.
[2018.01.26-20.16.39:631][  0]LogContentBrowser: Native class hierarchy updated for 'WidgetCarousel' in 0.0006 seconds. Added 0 classes and 0 folders.
[2018.01.26-20.16.39:816][  0]LogContentBrowser: Native class hierarchy updated for 'AddContentDialog' in 0.0006 seconds. Added 0 classes and 0 folders.
[2018.01.26-20.16.39:984][  0]LogContentBrowser: Native class hierarchy updated for 'SceneOutliner' in 0.0006 seconds. Added 1 classes and 2 folders.
[2018.01.26-20.16.41:772][  0]LogSlate: Took 0.000246 seconds to synchronously load lazily loaded font '../../../Engine/Content/Slate/Fonts/Roboto-Regular.ttf' (155K)
[2018.01.26-20.16.41:775][  0]LogSlate: Took 0.000237 seconds to synchronously load lazily loaded font '../../../Engine/Content/Slate/Fonts/Roboto-Bold.ttf' (160K)
[2018.01.26-20.16.41:872][  0]LogSlate: Took 0.093082 seconds to synchronously load lazily loaded font '../../../Engine/Content/Editor/Slate/Fonts/FontAwesome.ttf' (139K)
[2018.01.26-20.16.42:841][  0]LogTemp: Executing iPhonePackager certificates Engine -bundlename com.YourCompany.Transmission
[2018.01.26-20.16.42:841][  0]LogTemp: CWD: C:\Program Files\Epic Games\UE_4.17\Engine\Binaries\DotNET\IOS
[2018.01.26-20.16.42:841][  0]LogTemp: Initial Dir: C:\Program Files\Epic Games\UE_4.17
[2018.01.26-20.16.42:841][  0]LogTemp: Env CWD: C:\Program Files\Epic Games\UE_4.17\Engine\Binaries\DotNET\IOS
[2018.01.26-20.16.42:841][  0]LogTemp: BranchPath = 052TGADS-60475/C/Program Files/Epic Games/UE_4.17/Engine/Binaries --- GameBranchPath = 052TGADS-60475/C/Program Files/Epic Games/UE_4.17/Engine/Binaries
[2018.01.26-20.16.42:841][  0]LogTemp: IPP ERROR: Could not find provision directory 'C:\Users\ot180884\AppData\Local/Apple Computer/MobileDevice/Provisioning Profiles/'.
[2018.01.26-20.16.42:841][  0]LogRenderer: Reallocating scene render targets to support 1208x576 Format 10 NumSamples 1 (Frame:1).
[2018.01.26-20.16.43:410][  0]LogContentBrowser: Native class hierarchy updated for 'HierarchicalLODOutliner' in 0.0007 seconds. Added 1 classes and 2 folders.
[2018.01.26-20.16.43:411][  0]LogLoad: (Engine Initialization) Total time: 59.24 seconds
[2018.01.26-20.16.43:411][  0]LogLoad: (Engine Initialization) Total Blueprint compile time: 0.00 seconds
[2018.01.26-20.16.43:411][  0]LogExternalProfiler: No external profilers were discovered.  External profiling features will not be available.
[2018.01.26-20.16.43:445][  0]SourceControl: On branch master
[2018.01.26-20.16.43:445][  0]SourceControl: Your branch is up-to-date with 'origin/master'.
[2018.01.26-20.16.43:445][  0]SourceControl: Changes not staged for commit:
[2018.01.26-20.16.43:445][  0]SourceControl:   (use "git add <file>..." to update what will be committed)
[2018.01.26-20.16.43:445][  0]SourceControl:   (use "git checkout -- <file>..." to discard changes in working directory)
[2018.01.26-20.16.43:445][  0]SourceControl: 	modified:   Transmission/Intermediate/CachedAssetRegistry.bin
[2018.01.26-20.16.43:445][  0]SourceControl: 	modified:   Transmission/Saved/Logs/Transmission.log
[2018.01.26-20.16.43:445][  0]SourceControl: no changes added to commit (use "git add" and/or "git commit -a")
[2018.01.26-20.16.43:445][  0]LogContentStreaming: Texture pool size now 1000 MB
[2018.01.26-20.16.43:593][  0]LogSlate: Took 0.000201 seconds to synchronously load lazily loaded font '../../../Engine/Content/Slate/Fonts/Roboto-Light.ttf' (159K)
[2018.01.26-20.16.43:608][  1]LogAssetRegistry: Asset discovery search completed in 42.7462 seconds
[2018.01.26-20.16.43:610][  1]LogCollectionManager: Rebuilt the object cache for 0 collections in 0.000000 seconds (found 0 objects)
[2018.01.26-20.16.43:610][  1]LogCollectionManager: Fixed up redirectors for 0 collections in 0.000063 seconds (updated 0 objects)
[2018.01.26-20.20.11:759][392]LogTemp: Repeating last play command: Selected Viewport
[2018.01.26-20.20.11:802][392]LogBlueprintUserMessages: Early PlayInEditor Detection: Level '/Game/ThirdPersonBP/Maps/ThirdPersonExampleMap.ThirdPersonExampleMap:PersistentLevel' has LevelScriptBlueprint '/Game/ThirdPersonBP/Maps/ThirdPersonExampleMap.ThirdPersonExampleMap:PersistentLevel.ThirdPersonExampleMap' with GeneratedClass '/Game/ThirdPersonBP/Maps/ThirdPersonExampleMap.ThirdPersonExampleMap_C' with ClassGeneratedBy '/Game/ThirdPersonBP/Maps/ThirdPersonExampleMap.ThirdPersonExampleMap:PersistentLevel.ThirdPersonExampleMap'
[2018.01.26-20.20.11:802][392]LogPlayLevel: PlayLevel: No blueprints needed recompiling
[2018.01.26-20.20.11:803][392]PIE: New page: PIE session: ThirdPersonExampleMap (26 Jan 2018 20:20:11)
[2018.01.26-20.20.11:803][392]LogPlayLevel: Creating play world package: /Game/ThirdPersonBP/Maps/UEDPIE_0_ThirdPersonExampleMap
[2018.01.26-20.20.11:826][392]LogPlayLevel: PIE: StaticDuplicateObject took: (0.023767s)
[2018.01.26-20.20.11:827][392]LogAIModule: Creating AISystem for world ThirdPersonExampleMap
[2018.01.26-20.20.11:828][392]LogPlayLevel: PIE: World Init took: (0.000988s)
[2018.01.26-20.20.11:828][392]LogPlayLevel: PIE: Created PIE world by copying editor world from /Game/ThirdPersonBP/Maps/ThirdPersonExampleMap.ThirdPersonExampleMap to /Game/ThirdPersonBP/Maps/UEDPIE_0_ThirdPersonExampleMap.ThirdPersonExampleMap (0.025088s)
[2018.01.26-20.20.11:841][392]LogInit: XAudio2 using 'Speakers / Headphones (Realtek Audio)' : 2 channels at 48 kHz using 32 bits per sample (channel mask 0x3)
[2018.01.26-20.20.11:922][392]LogInit: FAudioDevice initialized.
[2018.01.26-20.20.11:972][392]LogLoad: Game class is 'ThirdPersonGameMode_C'
[2018.01.26-20.20.11:976][392]LogWorld: Bringing World /Game/ThirdPersonBP/Maps/UEDPIE_0_ThirdPersonExampleMap.ThirdPersonExampleMap up for play (max tick rate 0) at 2018.01.26-20.20.11
[2018.01.26-20.20.11:976][392]LogWorld: Bringing up level for play took: 0.002355
[2018.01.26-20.20.12:150][392]LogContentBrowser: Native class hierarchy updated for 'MovieSceneCapture' in 0.0007 seconds. Added 11 classes and 0 folders.
[2018.01.26-20.20.12:151][392]PIE: Play in editor start time for /Game/ThirdPersonBP/Maps/UEDPIE_0_ThirdPersonExampleMap 0.466
[2018.01.26-20.20.12:151][392]LogBlueprintUserMessages: Late PlayInEditor Detection: Level '/Game/ThirdPersonBP/Maps/ThirdPersonExampleMap.ThirdPersonExampleMap:PersistentLevel' has LevelScriptBlueprint '/Game/ThirdPersonBP/Maps/ThirdPersonExampleMap.ThirdPersonExampleMap:PersistentLevel.ThirdPersonExampleMap' with GeneratedClass '/Game/ThirdPersonBP/Maps/ThirdPersonExampleMap.ThirdPersonExampleMap_C' with ClassGeneratedBy '/Game/ThirdPersonBP/Maps/ThirdPersonExampleMap.ThirdPersonExampleMap:PersistentLevel.ThirdPersonExampleMap'
[2018.01.26-20.20.13:948][602]LogBlueprintUserMessages: Early EndPlayMap Detection: Level '/Game/ThirdPersonBP/Maps/ThirdPersonExampleMap.ThirdPersonExampleMap:PersistentLevel' has LevelScriptBlueprint '/Game/ThirdPersonBP/Maps/ThirdPersonExampleMap.ThirdPersonExampleMap:PersistentLevel.ThirdPersonExampleMap' with GeneratedClass '/Game/ThirdPersonBP/Maps/ThirdPersonExampleMap.ThirdPersonExampleMap_C' with ClassGeneratedBy '/Game/ThirdPersonBP/Maps/ThirdPersonExampleMap.ThirdPersonExampleMap:PersistentLevel.ThirdPersonExampleMap'
[2018.01.26-20.20.13:983][602]LogBlueprintUserMessages: Late EndPlayMap Detection: Level '/Game/ThirdPersonBP/Maps/ThirdPersonExampleMap.ThirdPersonExampleMap:PersistentLevel' has LevelScriptBlueprint '/Game/ThirdPersonBP/Maps/ThirdPersonExampleMap.ThirdPersonExampleMap:PersistentLevel.ThirdPersonExampleMap' with GeneratedClass '/Game/ThirdPersonBP/Maps/ThirdPersonExampleMap.ThirdPersonExampleMap_C' with ClassGeneratedBy '/Game/ThirdPersonBP/Maps/ThirdPersonExampleMap.ThirdPersonExampleMap:PersistentLevel.ThirdPersonExampleMap'
